<?xml version="1.0" encoding="UTF-8"?>
<!-- Generated by org.testng.reporters.JUnitReportReporter -->
<testsuite hostname="Sumits-MacBook-Pro.local" failures="0" tests="1" name="com.swiggy.SwiggyProject.SwiggyApp" time="41.824" errors="0" timestamp="2022-08-29T21:31:57 IST" skipped="0">
  <testcase classname="com.swiggy.SwiggyProject.SwiggyApp" name="SearchPlusAdd" time="41.824"/>
  <system-out/>
</testsuite> <!-- com.swiggy.SwiggyProject.SwiggyApp -->
