<?xml version="1.0" encoding="UTF-8"?>
<!-- Generated by org.testng.reporters.JUnitReportReporter -->
<testsuite hostname="Sumits-MacBook-Pro.local" failures="0" tests="2" name="com.swiggy.SwiggyProject.SwiggyApp" time="84.001" errors="0" timestamp="2022-08-29T22:26:03 IST" skipped="0">
  <testcase classname="com.swiggy.SwiggyProject.SwiggyApp" name="ChangingLocation" time="42.772"/>
  <system-out/>
  <testcase classname="com.swiggy.SwiggyProject.SwiggyApp" name="SearchPlusAdd" time="41.229"/>
  <system-out/>
</testsuite> <!-- com.swiggy.SwiggyProject.SwiggyApp -->
